2025-01-24 17:13:36,258 [Worker-8: Loading available Gradle versions] INFO  o.e.b.c.i.u.g.PublishedGradleVersions - Gradle version information cache is up-to-date. Trying to read.
2025-01-24 17:14:09,552 [Worker-8: Importing Maven projects] INFO  o.e.m.c.i.l.LifecycleMappingFactory - Using org.eclipse.m2e.jdt.JarLifecycleMapping lifecycle mapping for MavenProject: com.kumar:38_SBMS_TOM_JETTY_NETTY:0.0.1-SNAPSHOT @ D:\sm\sbms\38_SBMS_TOM_JETTY_NETTY\38_SBMS_TOM_JETTY_NETTY\pom.xml.
2025-01-24 17:14:11,287 [Worker-8: Importing Maven projects] INFO  o.e.m.j.i.AbstractJavaProjectConfigurator - Adding source folder /38_SBMS_TOM_JETTY_NETTY/src/main/java
2025-01-24 17:14:11,288 [Worker-8: Importing Maven projects] INFO  o.e.m.j.i.AbstractJavaProjectConfigurator - Adding resource folder /38_SBMS_TOM_JETTY_NETTY/src/main/resources
2025-01-24 17:14:11,294 [Worker-8: Importing Maven projects] INFO  o.e.m.j.i.AbstractJavaProjectConfigurator - Adding resource folder /38_SBMS_TOM_JETTY_NETTY/src/main/resources
2025-01-24 17:14:11,297 [Worker-8: Importing Maven projects] INFO  o.e.m.j.i.AbstractJavaProjectConfigurator - Adding source folder /38_SBMS_TOM_JETTY_NETTY/src/test/java
2025-01-24 17:14:13,898 [Worker-8: Importing Maven projects] INFO  o.e.m.c.i.p.ProjectConfigurationManager - Imported and configured 1 project(s) in 5 sec
2025-01-24 17:14:14,818 [Worker-14: Building] INFO  o.a.m.s.f.DefaultMavenResourcesFiltering - Copying 1 resource from src\main\resources to target\classes
2025-01-24 17:14:14,830 [Worker-14: Building] INFO  o.a.m.s.f.DefaultMavenResourcesFiltering - Copying 0 resource from src\main\resources to target\classes
2025-01-24 17:14:14,832 [Worker-14: Building] INFO  o.a.m.s.f.DefaultMavenResourcesFiltering - skip non existing resourceDirectory D:\sm\sbms\38_SBMS_TOM_JETTY_NETTY\38_SBMS_TOM_JETTY_NETTY\src\test\resources
2025-01-24 17:14:33,163 [Worker-9: Importing Maven projects] INFO  o.e.m.c.i.l.LifecycleMappingFactory - Using org.eclipse.m2e.jdt.JarLifecycleMapping lifecycle mapping for MavenProject: com.kumar:39_SBMS_ACTUATOR:0.0.1-SNAPSHOT @ D:\sm\sbms\39_SBMS_ACTUATOR\39_SBMS_ACTUATOR\pom.xml.
2025-01-24 17:14:33,453 [Worker-9: Importing Maven projects] INFO  o.e.m.j.i.AbstractJavaProjectConfigurator - Adding source folder /39_SBMS_ACTUATOR/src/main/java
2025-01-24 17:14:33,453 [Worker-9: Importing Maven projects] INFO  o.e.m.j.i.AbstractJavaProjectConfigurator - Adding resource folder /39_SBMS_ACTUATOR/src/main/resources
2025-01-24 17:14:33,454 [Worker-9: Importing Maven projects] INFO  o.e.m.j.i.AbstractJavaProjectConfigurator - Adding resource folder /39_SBMS_ACTUATOR/src/main/resources
2025-01-24 17:14:33,457 [Worker-9: Importing Maven projects] INFO  o.e.m.j.i.AbstractJavaProjectConfigurator - Adding source folder /39_SBMS_ACTUATOR/src/test/java
2025-01-24 17:14:33,679 [Worker-9: Importing Maven projects] INFO  o.e.m.c.i.p.ProjectConfigurationManager - Imported and configured 1 project(s) in 0 sec
2025-01-24 17:14:33,985 [Worker-2: Building] INFO  o.a.m.s.f.DefaultMavenResourcesFiltering - Copying 1 resource from src\main\resources to target\classes
2025-01-24 17:14:33,994 [Worker-2: Building] INFO  o.a.m.s.f.DefaultMavenResourcesFiltering - Copying 0 resource from src\main\resources to target\classes
2025-01-24 17:14:33,997 [Worker-2: Building] INFO  o.a.m.s.f.DefaultMavenResourcesFiltering - skip non existing resourceDirectory D:\sm\sbms\39_SBMS_ACTUATOR\39_SBMS_ACTUATOR\src\test\resources
2025-01-24 17:14:44,793 [Worker-5: Importing Maven projects] INFO  o.e.m.c.i.l.LifecycleMappingFactory - Using org.maven.ide.eclipse.wtp.WarLifecycleMapping lifecycle mapping for MavenProject: com.kumar:39_SBMS_JSP:0.0.1-SNAPSHOT @ D:\sm\sbms\39_SBMS_JSP\39_SBMS_JSP\pom.xml.
2025-01-24 17:14:45,382 [Worker-5: Importing Maven projects] INFO  o.e.m.j.i.AbstractJavaProjectConfigurator - Adding source folder /39_SBMS_JSP/src/main/java
2025-01-24 17:14:45,382 [Worker-5: Importing Maven projects] INFO  o.e.m.j.i.AbstractJavaProjectConfigurator - Adding resource folder /39_SBMS_JSP/src/main/resources
2025-01-24 17:14:45,383 [Worker-5: Importing Maven projects] INFO  o.e.m.j.i.AbstractJavaProjectConfigurator - Adding resource folder /39_SBMS_JSP/src/main/resources
2025-01-24 17:14:45,385 [Worker-5: Importing Maven projects] INFO  o.e.m.j.i.AbstractJavaProjectConfigurator - Adding source folder /39_SBMS_JSP/src/test/java
2025-01-24 17:14:47,297 [Worker-5: Importing Maven projects] INFO  o.e.m.c.i.p.ProjectConfigurationManager - Imported and configured 1 project(s) in 2 sec
2025-01-24 17:14:47,692 [Worker-3: Building] INFO  o.a.m.s.f.DefaultMavenResourcesFiltering - Copying 1 resource from src\main\resources to target\classes
2025-01-24 17:14:47,704 [Worker-3: Building] INFO  o.a.m.s.f.DefaultMavenResourcesFiltering - Copying 0 resource from src\main\resources to target\classes
2025-01-24 17:14:47,708 [Worker-3: Building] INFO  o.a.m.s.f.DefaultMavenResourcesFiltering - skip non existing resourceDirectory D:\sm\sbms\39_SBMS_JSP\39_SBMS_JSP\src\test\resources
2025-01-24 17:14:49,807 [Worker-5: Building] INFO  o.a.m.s.f.DefaultMavenResourcesFiltering - Copying 0 resource from src\main\resources to target\classes
2025-01-24 17:14:49,807 [Worker-5: Building] INFO  o.a.m.s.f.DefaultMavenResourcesFiltering - Copying 0 resource from src\main\resources to target\classes
2025-01-24 17:14:49,809 [Worker-5: Building] INFO  o.a.m.s.f.DefaultMavenResourcesFiltering - skip non existing resourceDirectory D:\sm\sbms\39_SBMS_JSP\39_SBMS_JSP\src\test\resources
2025-01-24 17:15:16,389 [Worker-4: Building] INFO  o.e.m.c.i.l.LifecycleMappingFactory - Using org.eclipse.m2e.jdt.JarLifecycleMapping lifecycle mapping for MavenProject: com.kumar:39_SBMS_ACTUATOR:0.0.1-SNAPSHOT @ D:\sm\sbms\39_SBMS_ACTUATOR\39_SBMS_ACTUATOR\pom.xml.
2025-01-24 17:15:16,880 [Worker-4: Building] INFO  o.a.m.s.f.DefaultMavenResourcesFiltering - Copying 0 resource from src\main\resources to target\classes
2025-01-24 17:15:16,881 [Worker-4: Building] INFO  o.a.m.s.f.DefaultMavenResourcesFiltering - Copying 0 resource from src\main\resources to target\classes
2025-01-24 17:15:16,883 [Worker-4: Building] INFO  o.a.m.s.f.DefaultMavenResourcesFiltering - skip non existing resourceDirectory D:\sm\sbms\39_SBMS_ACTUATOR\39_SBMS_ACTUATOR\src\test\resources
2025-01-24 17:18:10,138 [Worker-10: Building] INFO  o.a.m.s.f.DefaultMavenResourcesFiltering - Copying 1 resource from src\main\resources to target\classes
2025-01-24 17:18:10,148 [Worker-10: Building] INFO  o.a.m.s.f.DefaultMavenResourcesFiltering - Copying 0 resource from src\main\resources to target\classes
2025-01-24 17:18:10,150 [Worker-10: Building] INFO  o.a.m.s.f.DefaultMavenResourcesFiltering - skip non existing resourceDirectory D:\sm\sbms\39_SBMS_ACTUATOR\39_SBMS_ACTUATOR\src\test\resources
2025-01-24 17:18:25,254 [Worker-7: Launching 39_SBMS_ACTUATOR - Application] INFO  o.e.m.c.i.l.LifecycleMappingFactory - Using org.eclipse.m2e.jdt.JarLifecycleMapping lifecycle mapping for MavenProject: com.kumar:39_SBMS_ACTUATOR:0.0.1-SNAPSHOT @ D:\sm\sbms\39_SBMS_ACTUATOR\39_SBMS_ACTUATOR\pom.xml.
2025-01-24 17:18:25,664 [Worker-7: Launching 39_SBMS_ACTUATOR - Application] INFO  o.a.m.s.f.DefaultMavenResourcesFiltering - Copying 0 resource from src\main\resources to target\classes
2025-01-24 17:18:25,665 [Worker-7: Launching 39_SBMS_ACTUATOR - Application] INFO  o.a.m.s.f.DefaultMavenResourcesFiltering - Copying 0 resource from src\main\resources to target\classes
2025-01-24 17:18:25,668 [Worker-7: Launching 39_SBMS_ACTUATOR - Application] INFO  o.a.m.s.f.DefaultMavenResourcesFiltering - skip non existing resourceDirectory D:\sm\sbms\39_SBMS_ACTUATOR\39_SBMS_ACTUATOR\src\test\resources
2025-01-24 17:19:59,708 [Worker-0: Building] INFO  o.a.m.s.f.DefaultMavenResourcesFiltering - Copying 1 resource from src\main\resources to target\classes
2025-01-24 17:19:59,723 [Worker-0: Building] INFO  o.a.m.s.f.DefaultMavenResourcesFiltering - Copying 0 resource from src\main\resources to target\classes
2025-01-24 17:19:59,732 [Worker-0: Building] INFO  o.a.m.s.f.DefaultMavenResourcesFiltering - skip non existing resourceDirectory D:\sm\sbms\39_SBMS_JSP\39_SBMS_JSP\src\test\resources
2025-01-24 17:22:09,042 [Worker-14: Building] INFO  o.a.m.s.f.DefaultMavenResourcesFiltering - Copying 1 resource from src\main\resources to target\classes
2025-01-24 17:22:09,047 [Worker-14: Building] INFO  o.a.m.s.f.DefaultMavenResourcesFiltering - Copying 0 resource from src\main\resources to target\classes
2025-01-24 17:22:09,049 [Worker-14: Building] INFO  o.a.m.s.f.DefaultMavenResourcesFiltering - skip non existing resourceDirectory D:\sm\sbms\39_SBMS_JSP\39_SBMS_JSP\src\test\resources
2025-01-24 17:22:53,024 [Worker-9: Building] INFO  o.a.m.s.f.DefaultMavenResourcesFiltering - Copying 0 resource from src\main\resources to target\classes
2025-01-24 17:22:53,025 [Worker-9: Building] INFO  o.a.m.s.f.DefaultMavenResourcesFiltering - Copying 0 resource from src\main\resources to target\classes
2025-01-24 17:22:53,026 [Worker-9: Building] INFO  o.a.m.s.f.DefaultMavenResourcesFiltering - skip non existing resourceDirectory D:\sm\sbms\39_SBMS_JSP\39_SBMS_JSP\src\test\resources
2025-01-24 17:23:18,394 [Worker-7: Building] INFO  o.a.m.s.f.DefaultMavenResourcesFiltering - Copying 0 resource from src\main\resources to target\classes
2025-01-24 17:23:18,394 [Worker-7: Building] INFO  o.a.m.s.f.DefaultMavenResourcesFiltering - Copying 0 resource from src\main\resources to target\classes
2025-01-24 17:23:18,396 [Worker-7: Building] INFO  o.a.m.s.f.DefaultMavenResourcesFiltering - skip non existing resourceDirectory D:\sm\sbms\39_SBMS_JSP\39_SBMS_JSP\src\test\resources
2025-01-24 17:24:17,409 [Worker-3: Building] INFO  o.a.m.s.f.DefaultMavenResourcesFiltering - Copying 1 resource from src\main\resources to target\classes
2025-01-24 17:24:17,414 [Worker-3: Building] INFO  o.a.m.s.f.DefaultMavenResourcesFiltering - Copying 0 resource from src\main\resources to target\classes
2025-01-24 17:24:17,416 [Worker-3: Building] INFO  o.a.m.s.f.DefaultMavenResourcesFiltering - skip non existing resourceDirectory D:\sm\sbms\39_SBMS_JSP\39_SBMS_JSP\src\test\resources
2025-01-24 17:25:16,913 [Worker-8: Building] INFO  o.e.m.c.i.l.LifecycleMappingFactory - Using org.maven.ide.eclipse.wtp.WarLifecycleMapping lifecycle mapping for MavenProject: com.kumar:39_SBMS_JSP:0.0.1-SNAPSHOT @ D:\sm\sbms\39_SBMS_JSP\39_SBMS_JSP\pom.xml.
2025-01-24 17:25:17,378 [Worker-8: Building] INFO  o.a.m.s.f.DefaultMavenResourcesFiltering - Copying 0 resource from src\main\resources to target\classes
2025-01-24 17:25:17,378 [Worker-8: Building] INFO  o.a.m.s.f.DefaultMavenResourcesFiltering - Copying 0 resource from src\main\resources to target\classes
2025-01-24 17:25:17,380 [Worker-8: Building] INFO  o.a.m.s.f.DefaultMavenResourcesFiltering - skip non existing resourceDirectory D:\sm\sbms\39_SBMS_JSP\39_SBMS_JSP\src\test\resources
2025-01-24 17:25:17,381 [Worker-8: Building] INFO  o.e.m.w.i.f.ResourceFilteringBuildParticipant - Changed resources require a complete clean of filtered resources of 39_SBMS_JSP
2025-01-24 17:25:17,382 [Worker-8: Building] INFO  o.e.m.w.i.f.ResourceFilteringBuildParticipant - Executing resource filtering for 39_SBMS_JSP
2025-01-24 17:25:26,815 [Worker-9: Launching 39_SBMS_JSP - Application] INFO  o.e.m.c.i.l.LifecycleMappingFactory - Using org.maven.ide.eclipse.wtp.WarLifecycleMapping lifecycle mapping for MavenProject: com.kumar:39_SBMS_JSP:0.0.1-SNAPSHOT @ D:\sm\sbms\39_SBMS_JSP\39_SBMS_JSP\pom.xml.
2025-01-24 17:25:27,142 [Worker-9: Launching 39_SBMS_JSP - Application] INFO  o.a.m.s.f.DefaultMavenResourcesFiltering - Copying 0 resource from src\main\resources to target\classes
2025-01-24 17:25:27,142 [Worker-9: Launching 39_SBMS_JSP - Application] INFO  o.a.m.s.f.DefaultMavenResourcesFiltering - Copying 0 resource from src\main\resources to target\classes
2025-01-24 17:25:27,145 [Worker-9: Launching 39_SBMS_JSP - Application] INFO  o.a.m.s.f.DefaultMavenResourcesFiltering - skip non existing resourceDirectory D:\sm\sbms\39_SBMS_JSP\39_SBMS_JSP\src\test\resources
2025-01-24 17:25:27,146 [Worker-9: Launching 39_SBMS_JSP - Application] INFO  o.e.m.w.i.f.ResourceFilteringBuildParticipant - Changed resources require a complete clean of filtered resources of 39_SBMS_JSP
2025-01-24 17:25:27,146 [Worker-9: Launching 39_SBMS_JSP - Application] INFO  o.e.m.w.i.f.ResourceFilteringBuildParticipant - Executing resource filtering for 39_SBMS_JSP
2025-01-24 17:26:45,403 [Worker-15: Building] INFO  o.a.m.s.f.DefaultMavenResourcesFiltering - Copying 1 resource from src\main\resources to target\classes
2025-01-24 17:26:45,415 [Worker-15: Building] INFO  o.a.m.s.f.DefaultMavenResourcesFiltering - Copying 0 resource from src\main\resources to target\classes
2025-01-24 17:26:45,416 [Worker-15: Building] INFO  o.a.m.s.f.DefaultMavenResourcesFiltering - skip non existing resourceDirectory D:\sm\sbms\39_SBMS_JSP\39_SBMS_JSP\src\test\resources
2025-01-24 17:28:22,285 [Worker-18: Building] INFO  o.e.m.c.i.l.LifecycleMappingFactory - Using org.eclipse.m2e.jdt.JarLifecycleMapping lifecycle mapping for MavenProject: com.kumar:38_SBMS_TOM_JETTY_NETTY:0.0.1-SNAPSHOT @ D:\sm\sbms\38_SBMS_TOM_JETTY_NETTY\38_SBMS_TOM_JETTY_NETTY\pom.xml.
2025-01-24 17:28:23,068 [Worker-18: Building] INFO  o.a.m.s.f.DefaultMavenResourcesFiltering - Copying 0 resource from src\main\resources to target\classes
2025-01-24 17:28:23,068 [Worker-18: Building] INFO  o.a.m.s.f.DefaultMavenResourcesFiltering - Copying 0 resource from src\main\resources to target\classes
2025-01-24 17:28:23,070 [Worker-18: Building] INFO  o.a.m.s.f.DefaultMavenResourcesFiltering - skip non existing resourceDirectory D:\sm\sbms\38_SBMS_TOM_JETTY_NETTY\38_SBMS_TOM_JETTY_NETTY\src\test\resources
2025-01-24 17:29:55,564 [Worker-15: Building] INFO  o.e.m.c.i.l.LifecycleMappingFactory - Using org.eclipse.m2e.jdt.JarLifecycleMapping lifecycle mapping for MavenProject: com.kumar:38_SBMS_TOM_JETTY_NETTY:0.0.1-SNAPSHOT @ D:\sm\sbms\38_SBMS_TOM_JETTY_NETTY\38_SBMS_TOM_JETTY_NETTY\pom.xml.
2025-01-24 17:29:55,948 [Worker-15: Building] INFO  o.a.m.s.f.DefaultMavenResourcesFiltering - Copying 1 resource from src\main\resources to target\classes
2025-01-24 17:29:55,961 [Worker-15: Building] INFO  o.a.m.s.f.DefaultMavenResourcesFiltering - Copying 0 resource from src\main\resources to target\classes
2025-01-24 17:29:55,964 [Worker-15: Building] INFO  o.a.m.s.f.DefaultMavenResourcesFiltering - skip non existing resourceDirectory D:\sm\sbms\38_SBMS_TOM_JETTY_NETTY\38_SBMS_TOM_JETTY_NETTY\src\test\resources
2025-01-24 17:30:10,405 [Worker-18: Launching 38_SBMS_TOM_JETTY_NETTY - Application] INFO  o.e.m.c.i.l.LifecycleMappingFactory - Using org.eclipse.m2e.jdt.JarLifecycleMapping lifecycle mapping for MavenProject: com.kumar:38_SBMS_TOM_JETTY_NETTY:0.0.1-SNAPSHOT @ D:\sm\sbms\38_SBMS_TOM_JETTY_NETTY\38_SBMS_TOM_JETTY_NETTY\pom.xml.
2025-01-24 17:30:10,867 [Worker-18: Launching 38_SBMS_TOM_JETTY_NETTY - Application] INFO  o.a.m.s.f.DefaultMavenResourcesFiltering - Copying 1 resource from src\main\resources to target\classes
2025-01-24 17:30:10,878 [Worker-18: Launching 38_SBMS_TOM_JETTY_NETTY - Application] INFO  o.a.m.s.f.DefaultMavenResourcesFiltering - Copying 0 resource from src\main\resources to target\classes
2025-01-24 17:30:10,880 [Worker-18: Launching 38_SBMS_TOM_JETTY_NETTY - Application] INFO  o.a.m.s.f.DefaultMavenResourcesFiltering - skip non existing resourceDirectory D:\sm\sbms\38_SBMS_TOM_JETTY_NETTY\38_SBMS_TOM_JETTY_NETTY\src\test\resources
2025-01-24 17:30:31,394 [Worker-11: Launching 38_SBMS_TOM_JETTY_NETTY - Application] INFO  o.e.m.c.i.l.LifecycleMappingFactory - Using org.eclipse.m2e.jdt.JarLifecycleMapping lifecycle mapping for MavenProject: com.kumar:38_SBMS_TOM_JETTY_NETTY:0.0.1-SNAPSHOT @ D:\sm\sbms\38_SBMS_TOM_JETTY_NETTY\38_SBMS_TOM_JETTY_NETTY\pom.xml.
2025-01-24 17:30:31,642 [Worker-11: Launching 38_SBMS_TOM_JETTY_NETTY - Application] INFO  o.a.m.s.f.DefaultMavenResourcesFiltering - Copying 0 resource from src\main\resources to target\classes
2025-01-24 17:30:31,642 [Worker-11: Launching 38_SBMS_TOM_JETTY_NETTY - Application] INFO  o.a.m.s.f.DefaultMavenResourcesFiltering - Copying 0 resource from src\main\resources to target\classes
2025-01-24 17:30:31,644 [Worker-11: Launching 38_SBMS_TOM_JETTY_NETTY - Application] INFO  o.a.m.s.f.DefaultMavenResourcesFiltering - skip non existing resourceDirectory D:\sm\sbms\38_SBMS_TOM_JETTY_NETTY\38_SBMS_TOM_JETTY_NETTY\src\test\resources
2025-01-24 17:31:16,435 [Worker-6: Building] INFO  o.e.m.c.i.l.LifecycleMappingFactory - Using org.eclipse.m2e.jdt.JarLifecycleMapping lifecycle mapping for MavenProject: com.kumar:38_SBMS_TOM_JETTY_NETTY:0.0.1-SNAPSHOT @ D:\sm\sbms\38_SBMS_TOM_JETTY_NETTY\38_SBMS_TOM_JETTY_NETTY\pom.xml.
2025-01-24 17:31:17,128 [Worker-6: Building] INFO  o.a.m.s.f.DefaultMavenResourcesFiltering - Copying 1 resource from src\main\resources to target\classes
2025-01-24 17:31:17,138 [Worker-6: Building] INFO  o.a.m.s.f.DefaultMavenResourcesFiltering - Copying 0 resource from src\main\resources to target\classes
2025-01-24 17:31:17,140 [Worker-6: Building] INFO  o.a.m.s.f.DefaultMavenResourcesFiltering - skip non existing resourceDirectory D:\sm\sbms\38_SBMS_TOM_JETTY_NETTY\38_SBMS_TOM_JETTY_NETTY\src\test\resources
2025-01-24 17:31:18,415 [Worker-17: Download sources and javadoc] INFO  o.e.m.c.i.e.AbstractTransferListenerAdapter - Downloading https://repo.maven.apache.org/maven2/org/springframework/boot/spring-boot-starter-webflux/3.4.2/spring-boot-starter-webflux-3.4.2-sources.jar
2025-01-24 17:31:18,543 [Worker-17: Download sources and javadoc] INFO  o.e.m.c.i.e.AbstractTransferListenerAdapter - Downloaded https://repo.maven.apache.org/maven2/org/springframework/boot/spring-boot-starter-webflux/3.4.2/spring-boot-starter-webflux-3.4.2-sources.jar
2025-01-24 17:31:18,547 [Worker-17: Download sources and javadoc] INFO  o.e.m.j.internal.DownloadSourcesJob - Downloaded sources for org.springframework.boot:spring-boot-starter-webflux:3.4.2
2025-01-24 17:31:21,755 [Worker-19: Launching 38_SBMS_TOM_JETTY_NETTY - Application] INFO  o.e.m.c.i.l.LifecycleMappingFactory - Using org.eclipse.m2e.jdt.JarLifecycleMapping lifecycle mapping for MavenProject: com.kumar:38_SBMS_TOM_JETTY_NETTY:0.0.1-SNAPSHOT @ D:\sm\sbms\38_SBMS_TOM_JETTY_NETTY\38_SBMS_TOM_JETTY_NETTY\pom.xml.
2025-01-24 17:31:22,137 [Worker-19: Launching 38_SBMS_TOM_JETTY_NETTY - Application] INFO  o.a.m.s.f.DefaultMavenResourcesFiltering - Copying 1 resource from src\main\resources to target\classes
2025-01-24 17:31:22,147 [Worker-19: Launching 38_SBMS_TOM_JETTY_NETTY - Application] INFO  o.a.m.s.f.DefaultMavenResourcesFiltering - Copying 0 resource from src\main\resources to target\classes
2025-01-24 17:31:22,148 [Worker-19: Launching 38_SBMS_TOM_JETTY_NETTY - Application] INFO  o.a.m.s.f.DefaultMavenResourcesFiltering - skip non existing resourceDirectory D:\sm\sbms\38_SBMS_TOM_JETTY_NETTY\38_SBMS_TOM_JETTY_NETTY\src\test\resources
2025-01-24 17:51:10,881 [Worker-22: Building] INFO  o.a.m.s.f.DefaultMavenResourcesFiltering - Copying 1 resource from src\main\resources to target\classes
2025-01-24 17:51:10,884 [Worker-22: Building] INFO  o.a.m.s.f.DefaultMavenResourcesFiltering - Copying 0 resource from src\main\resources to target\classes
2025-01-24 17:51:10,885 [Worker-22: Building] INFO  o.a.m.s.f.DefaultMavenResourcesFiltering - skip non existing resourceDirectory D:\sm\sbms\39_SBMS_JSP\39_SBMS_JSP\src\test\resources
2025-01-24 17:52:21,446 [Worker-22: Building] INFO  o.e.m.c.i.l.LifecycleMappingFactory - Using org.maven.ide.eclipse.wtp.WarLifecycleMapping lifecycle mapping for MavenProject: com.kumar:39_SBMS_JSP:0.0.1-SNAPSHOT @ D:\sm\sbms\39_SBMS_JSP\39_SBMS_JSP\pom.xml.
2025-01-24 17:52:22,330 [Worker-22: Building] INFO  o.a.m.s.f.DefaultMavenResourcesFiltering - Copying 0 resource from src\main\resources to target\classes
2025-01-24 17:52:22,330 [Worker-22: Building] INFO  o.a.m.s.f.DefaultMavenResourcesFiltering - Copying 0 resource from src\main\resources to target\classes
2025-01-24 17:52:22,332 [Worker-22: Building] INFO  o.a.m.s.f.DefaultMavenResourcesFiltering - skip non existing resourceDirectory D:\sm\sbms\39_SBMS_JSP\39_SBMS_JSP\src\test\resources
2025-01-24 17:52:22,332 [Worker-22: Building] INFO  o.e.m.w.i.f.ResourceFilteringBuildParticipant - Changed resources require a complete clean of filtered resources of 39_SBMS_JSP
2025-01-24 17:52:22,332 [Worker-22: Building] INFO  o.e.m.w.i.f.ResourceFilteringBuildParticipant - Executing resource filtering for 39_SBMS_JSP
2025-01-24 17:52:23,393 [Worker-21: Download sources and javadoc] INFO  o.e.m.c.i.e.AbstractTransferListenerAdapter - Downloading https://repo.maven.apache.org/maven2/org/springframework/boot/spring-boot-starter-data-jpa/3.4.2/spring-boot-starter-data-jpa-3.4.2-sources.jar
2025-01-24 17:52:23,505 [Worker-21: Download sources and javadoc] INFO  o.e.m.c.i.e.AbstractTransferListenerAdapter - Downloaded https://repo.maven.apache.org/maven2/org/springframework/boot/spring-boot-starter-data-jpa/3.4.2/spring-boot-starter-data-jpa-3.4.2-sources.jar
2025-01-24 17:52:23,507 [Worker-21: Download sources and javadoc] INFO  o.e.m.j.internal.DownloadSourcesJob - Downloaded sources for org.springframework.boot:spring-boot-starter-data-jpa:3.4.2
2025-01-24 17:54:14,583 [Worker-25: Building] INFO  o.a.m.s.f.DefaultMavenResourcesFiltering - Copying 1 resource from src\main\resources to target\classes
2025-01-24 17:54:14,593 [Worker-25: Building] INFO  o.a.m.s.f.DefaultMavenResourcesFiltering - Copying 0 resource from src\main\resources to target\classes
2025-01-24 17:54:14,594 [Worker-25: Building] INFO  o.a.m.s.f.DefaultMavenResourcesFiltering - skip non existing resourceDirectory D:\sm\sbms\39_SBMS_JSP\39_SBMS_JSP\src\test\resources
2025-01-24 17:54:22,069 [Worker-18: Building] INFO  o.e.m.c.i.l.LifecycleMappingFactory - Using org.maven.ide.eclipse.wtp.WarLifecycleMapping lifecycle mapping for MavenProject: com.kumar:39_SBMS_JSP:0.0.1-SNAPSHOT @ D:\sm\sbms\39_SBMS_JSP\39_SBMS_JSP\pom.xml.
2025-01-24 17:54:22,759 [Worker-18: Building] INFO  o.a.m.s.f.DefaultMavenResourcesFiltering - Copying 0 resource from src\main\resources to target\classes
2025-01-24 17:54:22,759 [Worker-18: Building] INFO  o.a.m.s.f.DefaultMavenResourcesFiltering - Copying 0 resource from src\main\resources to target\classes
2025-01-24 17:54:22,762 [Worker-18: Building] INFO  o.a.m.s.f.DefaultMavenResourcesFiltering - skip non existing resourceDirectory D:\sm\sbms\39_SBMS_JSP\39_SBMS_JSP\src\test\resources
2025-01-24 17:54:22,764 [Worker-18: Building] INFO  o.e.m.w.i.f.ResourceFilteringBuildParticipant - Changed resources require a complete clean of filtered resources of 39_SBMS_JSP
2025-01-24 17:54:22,764 [Worker-18: Building] INFO  o.e.m.w.i.f.ResourceFilteringBuildParticipant - Executing resource filtering for 39_SBMS_JSP
2025-01-24 18:03:45,789 [Worker-4: Loading available Gradle versions] INFO  o.e.b.c.i.u.g.PublishedGradleVersions - Gradle version information cache is up-to-date. Trying to read.
2025-01-24 18:03:49,984 [Worker-2: Building] INFO  o.a.m.s.f.DefaultMavenResourcesFiltering - Copying 1 resource from src\main\resources to target\classes
2025-01-24 18:03:50,015 [Worker-2: Building] INFO  o.a.m.s.f.DefaultMavenResourcesFiltering - Copying 0 resource from src\main\resources to target\classes
2025-01-24 18:03:50,022 [Worker-2: Building] INFO  o.a.m.s.f.DefaultMavenResourcesFiltering - skip non existing resourceDirectory D:\sm\sbms\39_SBMS_JSP\39_SBMS_JSP\src\test\resources
